Using pre-set license
Built from '2022.3/china_unity/release' branch; Version is '2022.3.57f1c1 (eb23a28857f9) revision 15410082'; Using compiler version '192829333'; Build Type 'Release'
OS: 'Windows 11  (10.0.22000) 64bit CoreCountrySpecific' Language: 'zh' Physical Memory: 14020 MB
BatchMode: 1, IsHumanControllingUs: 0, StartBugReporterOnCrash: 0, Is64bit: 1, IsPro: 1

COMMAND LINE ARGUMENTS:
D:\Editor\2022.3.57f1c1\Editor\Unity.exe
-adb2
-batchMode
-noUpm
-name
AssetImportWorker4
-projectPath
E:/code/Super-derek
-logFile
Logs/AssetImportWorker4.log
-srvPort
59990
Successfully changed project path to: E:/code/Super-derek
E:/code/Super-derek
[UnityMemory] Configuration Parameters - Can be set up in boot.config
    "memorysetup-bucket-allocator-granularity=16"
    "memorysetup-bucket-allocator-bucket-count=8"
    "memorysetup-bucket-allocator-block-size=33554432"
    "memorysetup-bucket-allocator-block-count=8"
    "memorysetup-main-allocator-block-size=16777216"
    "memorysetup-thread-allocator-block-size=16777216"
    "memorysetup-gfx-main-allocator-block-size=16777216"
    "memorysetup-gfx-thread-allocator-block-size=16777216"
    "memorysetup-cache-allocator-block-size=4194304"
    "memorysetup-typetree-allocator-block-size=2097152"
    "memorysetup-profiler-bucket-allocator-granularity=16"
    "memorysetup-profiler-bucket-allocator-bucket-count=8"
    "memorysetup-profiler-bucket-allocator-block-size=33554432"
    "memorysetup-profiler-bucket-allocator-block-count=8"
    "memorysetup-profiler-allocator-block-size=16777216"
    "memorysetup-profiler-editor-allocator-block-size=1048576"
    "memorysetup-temp-allocator-size-main=16777216"
    "memorysetup-job-temp-allocator-block-size=2097152"
    "memorysetup-job-temp-allocator-block-size-background=1048576"
    "memorysetup-job-temp-allocator-reduction-small-platforms=262144"
    "memorysetup-allocator-temp-initial-block-size-main=262144"
    "memorysetup-allocator-temp-initial-block-size-worker=262144"
    "memorysetup-temp-allocator-size-background-worker=32768"
    "memorysetup-temp-allocator-size-job-worker=262144"
    "memorysetup-temp-allocator-size-preload-manager=33554432"
    "memorysetup-temp-allocator-size-nav-mesh-worker=65536"
    "memorysetup-temp-allocator-size-audio-worker=65536"
    "memorysetup-temp-allocator-size-cloud-worker=32768"
    "memorysetup-temp-allocator-size-gi-baking-worker=262144"
    "memorysetup-temp-allocator-size-gfx=262144"
Player connection [19644]  Target information:

Player connection [19644]  * "[IP] 192.168.35.1 [Port] 0 [Flags] 2 [Guid] 4281959405 [EditorId] 4281959405 [Version] 1048832 [Id] WindowsEditor(7,nanako) [Debug] 1 [PackageName] WindowsEditor [ProjectName] Editor" 

Player connection [19644]  * "[IP] 169.254.151.21 [Port] 0 [Flags] 2 [Guid] 4281959405 [EditorId] 4281959405 [Version] 1048832 [Id] WindowsEditor(7,nanako) [Debug] 1 [PackageName] WindowsEditor [ProjectName] Editor" 

Player connection [19644]  * "[IP] 192.168.11.1 [Port] 0 [Flags] 2 [Guid] 4281959405 [EditorId] 4281959405 [Version] 1048832 [Id] WindowsEditor(7,nanako) [Debug] 1 [PackageName] WindowsEditor [ProjectName] Editor" 

Player connection [19644]  * "[IP] 117.30.176.86 [Port] 0 [Flags] 2 [Guid] 4281959405 [EditorId] 4281959405 [Version] 1048832 [Id] WindowsEditor(7,nanako) [Debug] 1 [PackageName] WindowsEditor [ProjectName] Editor" 

Player connection [19644] Host joined multi-casting on [225.0.0.222:54997]...
Player connection [19644] Host joined alternative multi-casting on [225.0.0.222:34997]...
Input System module state changed to: Initialized.
[PhysX] Initialized MultithreadedTaskDispatcher with 16 workers.
Refreshing native plugins compatible for Editor in 19.11 ms, found 3 plugins.
Preloading 0 native plugins for Editor in 0.00 ms.
Initialize engine version: 2022.3.57f1c1 (eb23a28857f9)
[Subsystems] Discovering subsystems at path D:/Editor/2022.3.57f1c1/Editor/Data/Resources/UnitySubsystems
[Subsystems] Discovering subsystems at path E:/code/Super-derek/Assets
GfxDevice: creating device client; threaded=0; jobified=0
Direct3D:
    Version:  Direct3D 11.0 [level 11.1]
    Renderer: AMD Radeon(TM) Graphics (ID=0x1681)
    Vendor:   ATI
    VRAM:     7010 MB
    Driver:   31.0.21024.2004
Initialize mono
Mono path[0] = 'D:/Editor/2022.3.57f1c1/Editor/Data/Managed'
Mono path[1] = 'D:/Editor/2022.3.57f1c1/Editor/Data/MonoBleedingEdge/lib/mono/unityjit-win32'
Mono config path = 'D:/Editor/2022.3.57f1c1/Editor/Data/MonoBleedingEdge/etc'
Using monoOptions --debugger-agent=transport=dt_socket,embedding=1,server=y,suspend=n,address=127.0.0.1:56920
Begin MonoManager ReloadAssembly
Registering precompiled unity dll's ...
Register platform support module: D:/Editor/2022.3.57f1c1/Editor/Data/PlaybackEngines/WebGLSupport/UnityEditor.WebGL.Extensions.dll
Register platform support module: D:/Editor/2022.3.57f1c1/Editor/Data/PlaybackEngines/WindowsStandaloneSupport/UnityEditor.WindowsStandalone.Extensions.dll
Registered in 0.024553 seconds.
- Loaded All Assemblies, in  0.449 seconds
Native extension for WindowsStandalone target not found
Native extension for WebGL target not found
Mono: successfully reloaded assembly
- Finished resetting the current domain, in  0.276 seconds
Domain Reload Profiling: 719ms
	BeginReloadAssembly (148ms)
		ExecutionOrderSort (0ms)
		DisableScriptedObjects (0ms)
		BackupInstance (0ms)
		ReleaseScriptingObjects (0ms)
		CreateAndSetChildDomain (1ms)
	RebuildCommonClasses (38ms)
	RebuildNativeTypeToScriptingClass (10ms)
	initialDomainReloadingComplete (91ms)
	LoadAllAssembliesAndSetupDomain (156ms)
		LoadAssemblies (143ms)
		RebuildTransferFunctionScriptingTraits (0ms)
		AnalyzeDomain (152ms)
			TypeCache.Refresh (151ms)
				TypeCache.ScanAssembly (134ms)
			ScanForSourceGeneratedMonoScriptInfo (0ms)
			ResolveRequiredComponents (1ms)
	FinalizeReload (277ms)
		ReleaseScriptCaches (0ms)
		RebuildScriptCaches (0ms)
		SetupLoadedEditorAssemblies (229ms)
			LogAssemblyErrors (0ms)
			InitializePlatformSupportModulesInManaged (14ms)
			SetLoadedEditorAssemblies (6ms)
			RefreshPlugins (0ms)
			BeforeProcessingInitializeOnLoad (2ms)
			ProcessInitializeOnLoadAttributes (146ms)
			ProcessInitializeOnLoadMethodAttributes (61ms)
			AfterProcessingInitializeOnLoad (0ms)
			EditorAssembliesLoaded (0ms)
		ExecutionOrderSort2 (0ms)
		AwakeInstancesAfterBackupRestoration (0ms)
========================================================================
Worker process is ready to serve import requests
Caller must complete domain reload
Begin MonoManager ReloadAssembly
- Loaded All Assemblies, in  0.944 seconds
Native extension for WindowsStandalone target not found
Native extension for WebGL target not found
Package Manager log level set to [2]
[Package Manager] Server::EnsureServerProcessIsRunning -- launch failed, reason: Unity was launched with the -noUpm command-line argument
[Package Manager] UpmClient::Send -- Unable to send message (not connected to UPM process).
[Package Manager] Cannot connect to Unity Package Manager local server
Launched and connected shader compiler UnityShaderCompiler.exe after 0.07 seconds
Mono: successfully reloaded assembly
[Package Manager] Server::EnsureServerProcessIsRunning -- launch failed, reason: Unity was launched with the -noUpm command-line argument
[Package Manager] UpmClient::Send -- Unable to send message (not connected to UPM process).
[Package Manager] Cannot connect to Unity Package Manager local server
[Package Manager] Server::EnsureServerProcessIsRunning -- launch failed, reason: Unity was launched with the -noUpm command-line argument
[Package Manager] UpmClient::Send -- Unable to send message (not connected to UPM process).
[Package Manager] Cannot connect to Unity Package Manager local server
- Finished resetting the current domain, in  0.918 seconds
Domain Reload Profiling: 1856ms
	BeginReloadAssembly (279ms)
		ExecutionOrderSort (0ms)
		DisableScriptedObjects (7ms)
		BackupInstance (0ms)
		ReleaseScriptingObjects (0ms)
		CreateAndSetChildDomain (38ms)
	RebuildCommonClasses (54ms)
	RebuildNativeTypeToScriptingClass (11ms)
	initialDomainReloadingComplete (75ms)
	LoadAllAssembliesAndSetupDomain (518ms)
		LoadAssemblies (459ms)
		RebuildTransferFunctionScriptingTraits (0ms)
		AnalyzeDomain (239ms)
			TypeCache.Refresh (205ms)
				TypeCache.ScanAssembly (186ms)
			ScanForSourceGeneratedMonoScriptInfo (26ms)
			ResolveRequiredComponents (7ms)
	FinalizeReload (918ms)
		ReleaseScriptCaches (0ms)
		RebuildScriptCaches (0ms)
		SetupLoadedEditorAssemblies (744ms)
			LogAssemblyErrors (0ms)
			InitializePlatformSupportModulesInManaged (11ms)
			SetLoadedEditorAssemblies (6ms)
			RefreshPlugins (0ms)
			BeforeProcessingInitializeOnLoad (94ms)
			ProcessInitializeOnLoadAttributes (544ms)
			ProcessInitializeOnLoadMethodAttributes (69ms)
			AfterProcessingInitializeOnLoad (19ms)
			EditorAssembliesLoaded (0ms)
		ExecutionOrderSort2 (0ms)
		AwakeInstancesAfterBackupRestoration (8ms)
Refreshing native plugins compatible for Editor in 2.86 ms, found 3 plugins.
Preloading 0 native plugins for Editor in 0.00 ms.
Unloading 5605 Unused Serialized files (Serialized files now loaded: 0)
Unloading 38 unused Assets / (367.6 KB). Loaded Objects now: 6061.
Memory consumption went from 184.4 MB to 184.1 MB.
Total: 4.547800 ms (FindLiveObjects: 0.530600 ms CreateObjectMapping: 0.188500 ms MarkObjects: 3.521400 ms  DeleteObjects: 0.305800 ms)

AssetImportParameters requested are different than current active one (requested -> active):
  custom:container-demuxer-ogg: 62fdf1f143b41e24485cea50d1cbac27 -> 
  custom:video-codec-MediaFoundation-h265: 746d11721c4dcdbdad8f713fa42b33f4 -> 
  custom:video-decoder-ogg-theora: a1e56fd34408186e4bbccfd4996cb3dc -> 
  custom:framework-win-MediaFoundation: 216162199b28c13a410421893ffa2e32 -> 
  custom:CustomObjectIndexerAttribute: 9a22284fe3817be447336de3de66b15e -> 
  custom:container-demuxer-webm: 4f35f7cbe854078d1ac9338744f61a02 -> 
  custom:container-muxer-webm: aa71ff27fc2769a1b78a27578f13a17b -> 
  custom:video-decoder-webm-vp8: 9c59270c3fd7afecdb556c50c9e8de78 -> 
  custom:SearchIndexIgnoredProperties: e643bd26f0fe6173181afceb89e7c659 -> 
  custom:AudioImporter_EditorPlatform: d09bf68614088b80899f8185d706f6e7 -> 
  custom:video-encoder-webm-vp8: eb34c28f22e8b96e1ab97ce403110664 -> 
  custom:audio-decoder-ogg-vorbis: bf7c407c2cedff20999df2af8eb42d56 -> 
  custom:audio-encoder-webm-vorbis: bf7c407c2cedff20999df2af8eb42d56 -> 
========================================================================
Received Import Request.
  Time since last request: 22974.032473 seconds.
  path: Assets/Low-Poly_Objects_Pack/Prefabs/URP/baby_rake.prefab
  artifactKey: Guid(0fa1095036719604a8aa11dfccef3fde) Importer(815301076,1909f56bfc062723c751e8b465ee728b)
Start importing Assets/Low-Poly_Objects_Pack/Prefabs/URP/baby_rake.prefab using Guid(0fa1095036719604a8aa11dfccef3fde) Importer(815301076,1909f56bfc062723c751e8b465ee728b) [PhysX] Initialized MultithreadedTaskDispatcher with 16 workers.
[PhysX] Initialized MultithreadedTaskDispatcher with 16 workers.
 -> (artifact id: '1a8765fe1f42913a321f3eb93588a619') in 0.133321 seconds
Number of updated asset objects reloaded before import = 0
Number of asset objects unloaded after import = 16
========================================================================
Received Import Request.
  Time since last request: 0.000055 seconds.
  path: Assets/Low-Poly_Objects_Pack/Prefabs/URP/tape.prefab
  artifactKey: Guid(6cf404951378c774aaf281f9688c65fa) Importer(815301076,1909f56bfc062723c751e8b465ee728b)
Start importing Assets/Low-Poly_Objects_Pack/Prefabs/URP/tape.prefab using Guid(6cf404951378c774aaf281f9688c65fa) Importer(815301076,1909f56bfc062723c751e8b465ee728b) [PhysX] Initialized MultithreadedTaskDispatcher with 16 workers.
[PhysX] Initialized MultithreadedTaskDispatcher with 16 workers.
 -> (artifact id: '74507317c208dd57f866543258be7726') in 0.015887 seconds
Number of updated asset objects reloaded before import = 0
Number of asset objects unloaded after import = 16
========================================================================
Received Import Request.
  Time since last request: 0.000047 seconds.
  path: Assets/Low-Poly_Objects_Pack/Prefabs/URP/idol.prefab
  artifactKey: Guid(68367f848baddc146b2274bb58e9c8b4) Importer(815301076,1909f56bfc062723c751e8b465ee728b)
Start importing Assets/Low-Poly_Objects_Pack/Prefabs/URP/idol.prefab using Guid(68367f848baddc146b2274bb58e9c8b4) Importer(815301076,1909f56bfc062723c751e8b465ee728b) [PhysX] Initialized MultithreadedTaskDispatcher with 16 workers.
[PhysX] Initialized MultithreadedTaskDispatcher with 16 workers.
 -> (artifact id: '671cab9bb9323a3c9ecf0a16b85359d5') in 0.015595 seconds
Number of updated asset objects reloaded before import = 0
Number of asset objects unloaded after import = 16
========================================================================
Received Import Request.
  Time since last request: 0.000037 seconds.
  path: Assets/Low-Poly_Objects_Pack/Prefabs/URP/symbol_+.prefab
  artifactKey: Guid(60a247f8d9eb3cb438f4bf1e3df366f2) Importer(815301076,1909f56bfc062723c751e8b465ee728b)
Start importing Assets/Low-Poly_Objects_Pack/Prefabs/URP/symbol_+.prefab using Guid(60a247f8d9eb3cb438f4bf1e3df366f2) Importer(815301076,1909f56bfc062723c751e8b465ee728b) [PhysX] Initialized MultithreadedTaskDispatcher with 16 workers.
[PhysX] Initialized MultithreadedTaskDispatcher with 16 workers.
 -> (artifact id: '9fa7c01bbcafdd1890802d038cfca5ed') in 0.014422 seconds
Number of updated asset objects reloaded before import = 0
Number of asset objects unloaded after import = 15
========================================================================
Received Import Request.
  Time since last request: 0.000038 seconds.
  path: Assets/Low-Poly_Objects_Pack/Prefabs/URP/wheel.prefab
  artifactKey: Guid(da67bce8f48647a489a13e575f30dccc) Importer(815301076,1909f56bfc062723c751e8b465ee728b)
Start importing Assets/Low-Poly_Objects_Pack/Prefabs/URP/wheel.prefab using Guid(da67bce8f48647a489a13e575f30dccc) Importer(815301076,1909f56bfc062723c751e8b465ee728b) [PhysX] Initialized MultithreadedTaskDispatcher with 16 workers.
[PhysX] Initialized MultithreadedTaskDispatcher with 16 workers.
 -> (artifact id: '2bee43fb17e99c9e9a36529b3bafcfa3') in 0.016201 seconds
Number of updated asset objects reloaded before import = 0
Number of asset objects unloaded after import = 16
========================================================================
Received Import Request.
  Time since last request: 2.495625 seconds.
  path: Assets/Low-Poly_Objects_Pack/Prefabs/Colliders
  artifactKey: Guid(56f43c7a936fc4d4b9ad877ee934403a) Importer(815301076,1909f56bfc062723c751e8b465ee728b)
Start importing Assets/Low-Poly_Objects_Pack/Prefabs/Colliders using Guid(56f43c7a936fc4d4b9ad877ee934403a) Importer(815301076,1909f56bfc062723c751e8b465ee728b) [PhysX] Initialized MultithreadedTaskDispatcher with 16 workers.
 -> (artifact id: 'd346877a7dfbeef7cb5e49dfdfb2ceed') in 0.000674 seconds
Number of updated asset objects reloaded before import = 0
Number of asset objects unloaded after import = 0
========================================================================
Received Import Request.
  Time since last request: 0.218554 seconds.
  path: Assets/Low-Poly_Objects_Pack/Prefabs/Colliders/baby_rake_collider.prefab
  artifactKey: Guid(f5f61c84793c1564ea43df6fdde11faf) Importer(815301076,1909f56bfc062723c751e8b465ee728b)
Start importing Assets/Low-Poly_Objects_Pack/Prefabs/Colliders/baby_rake_collider.prefab using Guid(f5f61c84793c1564ea43df6fdde11faf) Importer(815301076,1909f56bfc062723c751e8b465ee728b) [PhysX] Initialized MultithreadedTaskDispatcher with 16 workers.
[PhysX] Initialized MultithreadedTaskDispatcher with 16 workers.
 -> (artifact id: '344171ff928ab3d69252fcf62b7cdcdb') in 0.014455 seconds
Number of updated asset objects reloaded before import = 0
Number of asset objects unloaded after import = 14
========================================================================
Received Import Request.
  Time since last request: 0.000041 seconds.
  path: Assets/Low-Poly_Objects_Pack/Prefabs/Colliders/tape_collider.prefab
  artifactKey: Guid(392e53037e9ef7744b35f37af34ce81e) Importer(815301076,1909f56bfc062723c751e8b465ee728b)
Start importing Assets/Low-Poly_Objects_Pack/Prefabs/Colliders/tape_collider.prefab using Guid(392e53037e9ef7744b35f37af34ce81e) Importer(815301076,1909f56bfc062723c751e8b465ee728b) [PhysX] Initialized MultithreadedTaskDispatcher with 16 workers.
[PhysX] Initialized MultithreadedTaskDispatcher with 16 workers.
 -> (artifact id: '2069840f201e95422d31d9852a786db9') in 0.009243 seconds
Number of updated asset objects reloaded before import = 0
Number of asset objects unloaded after import = 14
========================================================================
Received Import Request.
  Time since last request: 0.000078 seconds.
  path: Assets/Low-Poly_Objects_Pack/Prefabs/Colliders/watering_can_collider.prefab
  artifactKey: Guid(4f2f01bfe31d527478c76f8faa1ac0bc) Importer(815301076,1909f56bfc062723c751e8b465ee728b)
Start importing Assets/Low-Poly_Objects_Pack/Prefabs/Colliders/watering_can_collider.prefab using Guid(4f2f01bfe31d527478c76f8faa1ac0bc) Importer(815301076,1909f56bfc062723c751e8b465ee728b) [PhysX] Initialized MultithreadedTaskDispatcher with 16 workers.
[PhysX] Initialized MultithreadedTaskDispatcher with 16 workers.
 -> (artifact id: 'f597f0f3d582f48b53ae709947df70a6') in 0.010397 seconds
Number of updated asset objects reloaded before import = 0
Number of asset objects unloaded after import = 14
========================================================================
Received Import Request.
  Time since last request: 0.000033 seconds.
  path: Assets/Low-Poly_Objects_Pack/Prefabs/Colliders/dynamite_collider.prefab
  artifactKey: Guid(d0d5cd1b4fb9ec74081862690bce921a) Importer(815301076,1909f56bfc062723c751e8b465ee728b)
Start importing Assets/Low-Poly_Objects_Pack/Prefabs/Colliders/dynamite_collider.prefab using Guid(d0d5cd1b4fb9ec74081862690bce921a) Importer(815301076,1909f56bfc062723c751e8b465ee728b) [PhysX] Initialized MultithreadedTaskDispatcher with 16 workers.
[PhysX] Initialized MultithreadedTaskDispatcher with 16 workers.
 -> (artifact id: '11173d799c6b281b8412d507db7490f4') in 0.011794 seconds
Number of updated asset objects reloaded before import = 0
Number of asset objects unloaded after import = 14
========================================================================
Received Import Request.
  Time since last request: 0.000067 seconds.
  path: Assets/Low-Poly_Objects_Pack/Prefabs/Colliders/piggy_bank_collider.prefab
  artifactKey: Guid(2ecec2cb78348f646835f6be4e546aab) Importer(815301076,1909f56bfc062723c751e8b465ee728b)
Start importing Assets/Low-Poly_Objects_Pack/Prefabs/Colliders/piggy_bank_collider.prefab using Guid(2ecec2cb78348f646835f6be4e546aab) Importer(815301076,1909f56bfc062723c751e8b465ee728b) [PhysX] Initialized MultithreadedTaskDispatcher with 16 workers.
[PhysX] Initialized MultithreadedTaskDispatcher with 16 workers.
 -> (artifact id: '30fb33df394391a541110e0ed2e606b9') in 0.010429 seconds
Number of updated asset objects reloaded before import = 0
Number of asset objects unloaded after import = 14
Editor requested this worker to shutdown with reason: Scaling down because of idle timeout
TcpMessagingSession - receive error: operation aborted. errorcode: 995, details: 由于线程退出或应用程序请求，已中止 I/O 操作。
AssetImportWorker is now disconnected from the server
Process exiting
Exiting without the bug reporter. Application will terminate with return code 0